#
# A fatal error has been detected by the Java Runtime Environment:
#
#  Internal Error (javaClasses.cpp:126), pid=296, tid=424
#  fatal error: Invalid layout of preloaded class
#
# JRE version:  (8.0_31-b13) (build )
# Java VM: Java HotSpot(TM) 64-Bit Server VM (25.31-b07 mixed mode windows-amd64 compressed oops)
# Failed to write core dump. Minidumps are not enabled by default on client versions of Windows
#
# If you would like to submit a bug report, please visit:
#   http://bugreport.java.com/bugreport/crash.jsp
#

---------------  T H R E A D  ---------------

Current thread (0x0000000001d00800):  JavaThread "Unknown thread" [_thread_in_vm, id=424, stack(0x00000000004a0000,0x00000000005a0000)]

Stack: [0x00000000004a0000,0x00000000005a0000]
Native frames: (J=compiled Java code, j=interpreted, Vv=VM code, C=native code)
V  [jvm.dll+0x3169ba]
V  [jvm.dll+0x2674c3]
V  [jvm.dll+0x268103]
V  [jvm.dll+0x25f876]
V  [jvm.dll+0x5e443]
V  [jvm.dll+0x5e533]
V  [jvm.dll+0x72e9a]
V  [jvm.dll+0x73208]
V  [jvm.dll+0xe4997]
V  [jvm.dll+0xe4d26]
V  [jvm.dll+0x1fa057]
V  [jvm.dll+0x22b694]
V  [jvm.dll+0x14d8c1]
C  [javaw.exe+0x20c6]
C  [javaw.exe+0xc9eb]
C  [javaw.exe+0xca7f]
C  [KERNEL32.DLL+0x13d2]
C  [ntdll.dll+0x15444]


---------------  P R O C E S S  ---------------

Java Threads: ( => current thread )

Other Threads:

=>0x0000000001d00800 (exited) JavaThread "Unknown thread" [_thread_in_vm, id=424, stack(0x00000000004a0000,0x00000000005a0000)]

VM state:not at safepoint (not fully initialized)

VM Mutex/Monitor currently owned by a thread: None

GC Heap History (0 events):
No events

Deoptimization events (0 events):
No events

Internal exceptions (0 events):
No events

Events (10 events):
Event: 0.009 loading class java/lang/Object
Event: 0.010 loading class java/lang/Object done
Event: 0.010 loading class java/lang/String
Event: 0.010 loading class java/lang/CharSequence
Event: 0.010 loading class java/lang/CharSequence done
Event: 0.010 loading class java/lang/Comparable
Event: 0.010 loading class java/lang/Comparable done
Event: 0.010 loading class java/lang/String done
Event: 0.010 loading class java/lang/Class
Event: 0.010 loading class java/lang/Class done


Dynamic libraries:
0x00007ff7dbea0000 - 0x00007ff7dbed4000 	C:\Program Files\Java\jre1.8.0_31\bin\javaw.exe
0x00007ff9448b0000 - 0x00007ff944a5c000 	C:\WINDOWS\SYSTEM32\ntdll.dll
0x00007ff9424a0000 - 0x00007ff9425de000 	C:\WINDOWS\system32\KERNEL32.DLL
0x00007ff941dc0000 - 0x00007ff941ed5000 	C:\WINDOWS\system32\KERNELBASE.dll
0x00007ff940570000 - 0x00007ff9405fe000 	C:\WINDOWS\system32\apphelp.dll
0x00007ff930480000 - 0x00007ff9304d3000 	C:\WINDOWS\AppPatch\AppPatch64\AcGenral.DLL
0x00007ff943b60000 - 0x00007ff943c0a000 	C:\WINDOWS\system32\msvcrt.dll
0x00007ff9417a0000 - 0x00007ff9417ce000 	C:\WINDOWS\SYSTEM32\SspiCli.dll
0x00007ff943c30000 - 0x00007ff943c84000 	C:\WINDOWS\system32\SHLWAPI.dll
0x00007ff9440a0000 - 0x00007ff944217000 	C:\WINDOWS\system32\USER32.dll
0x00007ff943de0000 - 0x00007ff943f74000 	C:\WINDOWS\system32\ole32.dll
0x00007ff942640000 - 0x00007ff943b58000 	C:\WINDOWS\system32\SHELL32.dll
0x00007ff940f70000 - 0x00007ff940f91000 	C:\WINDOWS\SYSTEM32\USERENV.dll
0x00007ff9443c0000 - 0x00007ff94446a000 	C:\WINDOWS\system32\ADVAPI32.dll
0x00007ff92ded0000 - 0x00007ff92deee000 	C:\WINDOWS\SYSTEM32\MPR.dll
0x00007ff943c90000 - 0x00007ff943dd1000 	C:\WINDOWS\system32\RPCRT4.dll
0x00007ff9425e0000 - 0x00007ff942639000 	C:\WINDOWS\SYSTEM32\sechost.dll
0x00007ff941f30000 - 0x00007ff942141000 	C:\WINDOWS\SYSTEM32\combase.dll
0x00007ff942300000 - 0x00007ff942451000 	C:\WINDOWS\system32\GDI32.dll
0x00007ff941a00000 - 0x00007ff941a15000 	C:\WINDOWS\SYSTEM32\profapi.dll
0x00007ff940460000 - 0x00007ff940512000 	C:\WINDOWS\SYSTEM32\SHCORE.dll
0x00007ff942460000 - 0x00007ff942496000 	C:\WINDOWS\system32\IMM32.DLL
0x00007ff944750000 - 0x00007ff9448a2000 	C:\WINDOWS\system32\MSCTF.dll
0x00007ff941950000 - 0x00007ff94197f000 	C:\Windows\system32\nvinitx.dll
0x000000000f000000 - 0x000000000f006000 	C:\Program Files\NVIDIA Corporation\CoProcManager\detoured.dll
0x00007ff93f4d0000 - 0x00007ff93f52f000 	C:\Program Files\NVIDIA Corporation\CoProcManager\nvd3d9wrapx.dll
0x00007ff944560000 - 0x00007ff94473a000 	C:\WINDOWS\system32\SETUPAPI.dll
0x00007ff941ee0000 - 0x00007ff941f2f000 	C:\WINDOWS\system32\CFGMGR32.dll
0x00007ff93f820000 - 0x00007ff93f866000 	C:\Program Files\NVIDIA Corporation\CoProcManager\nvdxgiwrapx.dll
0x00007ff93fd30000 - 0x00007ff93ffab000 	C:\WINDOWS\WinSxS\amd64_microsoft.windows.common-controls_6595b64144ccf1df_6.0.9600.17415_none_6240486fecbd8abb\COMCTL32.dll
0x0000000053140000 - 0x0000000053212000 	C:\Program Files\Java\jre1.8.0_31\bin\msvcr100.dll
0x0000000050f60000 - 0x00000000517ba000 	C:\Program Files\Java\jre1.8.0_31\bin\server\jvm.dll
0x00007ff939f30000 - 0x00007ff939f39000 	C:\WINDOWS\SYSTEM32\WSOCK32.dll
0x00007ff93fb80000 - 0x00007ff93fba2000 	C:\WINDOWS\SYSTEM32\WINMM.dll
0x00007ff944540000 - 0x00007ff944547000 	C:\WINDOWS\system32\PSAPI.DLL
0x00007ff944360000 - 0x00007ff9443ba000 	C:\WINDOWS\system32\WS2_32.dll
0x00007ff93fa00000 - 0x00007ff93fa2a000 	C:\WINDOWS\SYSTEM32\WINMMBASE.dll
0x00007ff944740000 - 0x00007ff944749000 	C:\WINDOWS\system32\NSI.dll
0x00007ff9407c0000 - 0x00007ff9407e8000 	C:\WINDOWS\SYSTEM32\DEVOBJ.dll
0x0000000053130000 - 0x000000005313f000 	C:\Program Files\Java\jre1.8.0_31\bin\verify.dll
0x0000000052060000 - 0x0000000052088000 	C:\Program Files\Java\jre1.8.0_31\bin\java.dll
0x0000000052040000 - 0x0000000052056000 	C:\Program Files\Java\jre1.8.0_31\bin\zip.dll
0x00007ff93ba70000 - 0x00007ff93bbfa000 	C:\WINDOWS\SYSTEM32\dbghelp.dll

VM Arguments:
jvm_args: -Dfile.encoding=Cp1252 -Xbootclasspath:C:\Program Files (x86)\leJOS NXJ\lib\nxt\classes.jar 
java_command: Main
java_class_path (initial): C:\Users\Reinoldo\workspace\WaveFront\bin;C:\Program Files (x86)\leJOS NXJ\lib\nxt\classes.jar
Launcher Type: SUN_STANDARD

Environment Variables:
PATH=C:/Program Files (x86)/Java/jre1.8.0_40/bin/client;C:/Program Files (x86)/Java/jre1.8.0_40/bin;C:/Program Files (x86)/Java/jre1.8.0_40/lib/i386;C:\Program Files (x86)\CollabNet;C:\Program Files (x86)\Embarcadero\Studio\15.0\bin;C:\Users\Public\Documents\Embarcadero\Studio\15.0\Bpl;C:\Program Files (x86)\Embarcadero\Studio\15.0\bin64;C:\Users\Public\Documents\Embarcadero\Studio\15.0\Bpl\Win64;C:\ProgramData\Oracle\Java\javapath;C:\Program Files (x86)\NVIDIA Corporation\PhysX\Common;C:\Program Files (x86)\Intel\iCLS Client\;C:\Program Files\Intel\iCLS Client\;C:\WINDOWS\system32;C:\WINDOWS;C:\WINDOWS\System32\Wbem;C:\WINDOWS\System32\WindowsPowerShell\v1.0\;C:\Program Files (x86)\Windows Live\Shared;C:\Program Files\Intel\Intel(R) Management Engine Components\DAL;C:\Program Files\Intel\Intel(R) Management Engine Components\IPT;C:\Program Files (x86)\Intel\Intel(R) Management Engine Components\DAL;C:\Program Files (x86)\Intel\Intel(R) Management Engine Components\IPT;C:\Program Files (x86)\Intel\OpenCL SDK\2.0\bin\x86;C:\Program Files (x86)\Intel\OpenCL SDK\2.0\bin\x64;C:\Program Files (x86)\IVI Foundation\VISA\WinNT\Bin;C:\Program Files (x86)\leJOS NXJ\bin;C:\Program Files\TortoiseSVN\bin;C:\Developer Apps\eclipse32bits;
USERNAME=Reinoldo
OS=Windows_NT
PROCESSOR_IDENTIFIER=Intel64 Family 6 Model 58 Stepping 9, GenuineIntel



---------------  S Y S T E M  ---------------

OS: Windows 8.1 , 64 bit Build 9600 

CPU:total 4 (2 cores per cpu, 2 threads per core) family 6 model 58 stepping 9, cmov, cx8, fxsr, mmx, sse, sse2, sse3, ssse3, sse4.1, sse4.2, popcnt, avx, aes, clmul, erms, ht, tsc, tscinvbit, tscinv

Memory: 4k page, physical 6174308k(3846672k free), swap 9620944k(6410328k free)

vm_info: Java HotSpot(TM) 64-Bit Server VM (25.31-b07) for windows-amd64 JRE (1.8.0_31-b13), built on Dec 17 2014 21:00:28 by "java_re" with MS VC++ 10.0 (VS2010)

time: Tue Apr 28 18:58:59 2015
elapsed time: 0 seconds (0d 0h 0m 0s)

