#
# A fatal error has been detected by the Java Runtime Environment:
#
#  Internal Error (javaClasses.cpp:126), pid=2976, tid=6900
#  fatal error: Invalid layout of preloaded class
#
# JRE version:  (8.0_25-b18) (build )
# Java VM: Java HotSpot(TM) 64-Bit Server VM (25.25-b02 mixed mode windows-amd64 compressed oops)
# Failed to write core dump. Minidumps are not enabled by default on client versions of Windows
#
# If you would like to submit a bug report, please visit:
#   http://bugreport.sun.com/bugreport/crash.jsp
#

---------------  T H R E A D  ---------------

Current thread (0x00000000021a0800):  JavaThread "Unknown thread" [_thread_in_vm, id=6900, stack(0x0000000001fd0000,0x00000000020d0000)]

Stack: [0x0000000001fd0000,0x00000000020d0000]
Native frames: (J=compiled Java code, j=interpreted, Vv=VM code, C=native code)
V  [jvm.dll+0x31667a]
V  [jvm.dll+0x267073]
V  [jvm.dll+0x267cb3]
V  [jvm.dll+0x25f536]
V  [jvm.dll+0x5e773]
V  [jvm.dll+0x5e863]
V  [jvm.dll+0x731ca]
V  [jvm.dll+0x73528]
V  [jvm.dll+0xe48b7]
V  [jvm.dll+0xe4c46]
V  [jvm.dll+0x1f9ae7]
V  [jvm.dll+0x22b2e4]
V  [jvm.dll+0x14d571]
C  [javaw.exe+0x20c6]
C  [javaw.exe+0xc9eb]
C  [javaw.exe+0xca7f]
C  [KERNEL32.DLL+0x13d2]
C  [ntdll.dll+0x15444]


---------------  P R O C E S S  ---------------

Java Threads: ( => current thread )

Other Threads:

=>0x00000000021a0800 (exited) JavaThread "Unknown thread" [_thread_in_vm, id=6900, stack(0x0000000001fd0000,0x00000000020d0000)]

VM state:not at safepoint (not fully initialized)

VM Mutex/Monitor currently owned by a thread: None

GC Heap History (0 events):
No events

Deoptimization events (0 events):
No events

Internal exceptions (0 events):
No events

Events (10 events):
Event: 0.011 loading class java/lang/Object
Event: 0.011 loading class java/lang/Object done
Event: 0.011 loading class java/lang/String
Event: 0.012 loading class java/lang/CharSequence
Event: 0.012 loading class java/lang/CharSequence done
Event: 0.012 loading class java/lang/Comparable
Event: 0.012 loading class java/lang/Comparable done
Event: 0.012 loading class java/lang/String done
Event: 0.012 loading class java/lang/Class
Event: 0.012 loading class java/lang/Class done


Dynamic libraries:
0x00007ff6480c0000 - 0x00007ff6480f4000 	C:\Program Files\Java\jre1.8.0_25\bin\javaw.exe
0x00007ffcc0fe0000 - 0x00007ffcc118c000 	C:\WINDOWS\SYSTEM32\ntdll.dll
0x00007ffcc06f0000 - 0x00007ffcc082e000 	C:\WINDOWS\system32\KERNEL32.DLL
0x00007ffcbe200000 - 0x00007ffcbe315000 	C:\WINDOWS\system32\KERNELBASE.dll
0x00007ffcbcc20000 - 0x00007ffcbccae000 	C:\WINDOWS\system32\apphelp.dll
0x00007ffca65b0000 - 0x00007ffca6603000 	C:\WINDOWS\AppPatch\AppPatch64\AcGenral.DLL
0x00007ffcbe830000 - 0x00007ffcbe8da000 	C:\WINDOWS\system32\msvcrt.dll
0x00007ffcbdf20000 - 0x00007ffcbdf4e000 	C:\WINDOWS\SYSTEM32\SspiCli.dll
0x00007ffcc0e10000 - 0x00007ffcc0e64000 	C:\WINDOWS\system32\SHLWAPI.dll
0x00007ffcc0560000 - 0x00007ffcc06d7000 	C:\WINDOWS\system32\USER32.dll
0x00007ffcc0c70000 - 0x00007ffcc0e04000 	C:\WINDOWS\system32\ole32.dll
0x00007ffcbecc0000 - 0x00007ffcc01d8000 	C:\WINDOWS\system32\SHELL32.dll
0x00007ffcbd6a0000 - 0x00007ffcbd6c1000 	C:\WINDOWS\SYSTEM32\USERENV.dll
0x00007ffcc0e70000 - 0x00007ffcc0f1a000 	C:\WINDOWS\system32\ADVAPI32.dll
0x00007ffcb4950000 - 0x00007ffcb496e000 	C:\WINDOWS\SYSTEM32\MPR.dll
0x00007ffcbe670000 - 0x00007ffcbe7b1000 	C:\WINDOWS\system32\RPCRT4.dll
0x00007ffcc0990000 - 0x00007ffcc09e9000 	C:\WINDOWS\SYSTEM32\sechost.dll
0x00007ffcc01e0000 - 0x00007ffcc03f1000 	C:\WINDOWS\SYSTEM32\combase.dll
0x00007ffcc0400000 - 0x00007ffcc0551000 	C:\WINDOWS\system32\GDI32.dll
0x00007ffcbe130000 - 0x00007ffcbe145000 	C:\WINDOWS\SYSTEM32\profapi.dll
0x00007ffcbc5f0000 - 0x00007ffcbc6a2000 	C:\WINDOWS\SYSTEM32\SHCORE.dll
0x00007ffcc0a20000 - 0x00007ffcc0a56000 	C:\WINDOWS\system32\IMM32.DLL
0x00007ffcc0830000 - 0x00007ffcc0982000 	C:\WINDOWS\system32\MSCTF.dll
0x00007ffcbaf60000 - 0x00007ffcbb1db000 	C:\WINDOWS\WinSxS\amd64_microsoft.windows.common-controls_6595b64144ccf1df_6.0.9600.17415_none_6240486fecbd8abb\COMCTL32.dll
0x0000000061e50000 - 0x0000000061f22000 	C:\Program Files\Java\jre1.8.0_25\bin\msvcr100.dll
0x0000000061530000 - 0x0000000061d8a000 	C:\Program Files\Java\jre1.8.0_25\bin\server\jvm.dll
0x00007ffcb7010000 - 0x00007ffcb7019000 	C:\WINDOWS\SYSTEM32\WSOCK32.dll
0x00007ffcb8e80000 - 0x00007ffcb8ea2000 	C:\WINDOWS\SYSTEM32\WINMM.dll
0x00007ffcc06e0000 - 0x00007ffcc06e7000 	C:\WINDOWS\system32\PSAPI.DLL
0x00007ffcc0c10000 - 0x00007ffcc0c6a000 	C:\WINDOWS\system32\WS2_32.dll
0x00007ffcb58f0000 - 0x00007ffcb591a000 	C:\WINDOWS\SYSTEM32\WINMMBASE.dll
0x00007ffcbe660000 - 0x00007ffcbe669000 	C:\WINDOWS\system32\NSI.dll
0x00007ffcbe380000 - 0x00007ffcbe3cf000 	C:\WINDOWS\SYSTEM32\cfgmgr32.dll
0x00007ffcbce90000 - 0x00007ffcbceb8000 	C:\WINDOWS\SYSTEM32\DEVOBJ.dll
0x0000000061e40000 - 0x0000000061e4f000 	C:\Program Files\Java\jre1.8.0_25\bin\verify.dll
0x0000000061500000 - 0x0000000061528000 	C:\Program Files\Java\jre1.8.0_25\bin\java.dll
0x00000000614e0000 - 0x00000000614f6000 	C:\Program Files\Java\jre1.8.0_25\bin\zip.dll
0x00007ffcbbaa0000 - 0x00007ffcbbc2a000 	C:\WINDOWS\SYSTEM32\dbghelp.dll

VM Arguments:
jvm_args: -Dfile.encoding=Cp1252 -Xbootclasspath/p:C:\Program Files (x86)\leJOS NXJ\lib\nxt\classes.jar 
java_command: Main
java_class_path (initial): C:\Users\Eli\Documents\GitHub\Robotica\WaveFront\bin;C:\Program Files (x86)\leJOS NXJ\lib\nxt\classes.jar
Launcher Type: SUN_STANDARD

Environment Variables:
JAVA_HOME=C:\Program Files\Java\jdk1.8.0
CLASSPATH=C:\Program Files\Java\jdk1.8.0_25\lib;C:\Program Files\Java\jdk1.8.0_25\lib\tools.jar;C:\Program Files\Java\jdk1.8.0_25\lib\dt.jar;C:\Program Files\Java\jdk1.8.0_25\jre\lib\;C:\Program Files\Java\jdk1.8.0_25\jre\lib\rt.jar
PATH=C:/Program Files/Java/jre1.8.0_40/bin/server;C:/Program Files/Java/jre1.8.0_40/bin;C:/Program Files/Java/jre1.8.0_40/lib/amd64;C:\ProgramData\Oracle\Java\javapath;C:\WINDOWS\system32;C:\WINDOWS;C:\WINDOWS\System32\Wbem;C:\WINDOWS\System32\WindowsPowerShell\v1.0\;C:\Program Files\Java\jdk1.8.0_25\bin;C:\Program Files\TortoiseSVN\bin;C:\Program Files (x86)\IVI Foundation\VISA\WinNT\Bin;C:\Program Files (x86)\leJOS NXJ\bin;C:\Program Files (x86)\Skype\Phone\;D:\Programas\eclipse;
USERNAME=Eli
OS=Windows_NT
PROCESSOR_IDENTIFIER=Intel64 Family 6 Model 37 Stepping 5, GenuineIntel



---------------  S Y S T E M  ---------------

OS: Windows 8.1 , 64 bit Build 9600 

CPU:total 4 (2 cores per cpu, 2 threads per core) family 6 model 37 stepping 5, cmov, cx8, fxsr, mmx, sse, sse2, sse3, ssse3, sse4.1, sse4.2, popcnt, ht, tsc, tscinvbit

Memory: 4k page, physical 3857104k(1811148k free), swap 4578000k(2275580k free)

vm_info: Java HotSpot(TM) 64-Bit Server VM (25.25-b02) for windows-amd64 JRE (1.8.0_25-b18), built on Oct  7 2014 14:25:37 by "java_re" with MS VC++ 10.0 (VS2010)

time: Thu Apr 16 20:59:42 2015
elapsed time: 0 seconds (0d 0h 0m 0s)

