#
# A fatal error has been detected by the Java Runtime Environment:
#
#  Internal Error (javaClasses.cpp:126), pid=2356, tid=6004
#  fatal error: Invalid layout of preloaded class
#
# JRE version:  (8.0_31-b13) (build )
# Java VM: Java HotSpot(TM) 64-Bit Server VM (25.31-b07 mixed mode windows-amd64 compressed oops)
# Failed to write core dump. Minidumps are not enabled by default on client versions of Windows
#
# If you would like to submit a bug report, please visit:
#   http://bugreport.java.com/bugreport/crash.jsp
#

---------------  T H R E A D  ---------------

Current thread (0x00000000025a0800):  JavaThread "Unknown thread" [_thread_in_vm, id=6004, stack(0x00000000024a0000,0x00000000025a0000)]

Stack: [0x00000000024a0000,0x00000000025a0000]
Native frames: (J=compiled Java code, j=interpreted, Vv=VM code, C=native code)
V  [jvm.dll+0x3169ba]
V  [jvm.dll+0x2674c3]
V  [jvm.dll+0x268103]
V  [jvm.dll+0x25f876]
V  [jvm.dll+0x5e443]
V  [jvm.dll+0x5e533]
V  [jvm.dll+0x72e9a]
V  [jvm.dll+0x73208]
V  [jvm.dll+0xe4997]
V  [jvm.dll+0xe4d26]
V  [jvm.dll+0x1fa057]
V  [jvm.dll+0x22b694]
V  [jvm.dll+0x14d8c1]
C  [javaw.exe+0x20c6]
C  [javaw.exe+0xc9eb]
C  [javaw.exe+0xca7f]
C  [KERNEL32.DLL+0x13d2]
C  [ntdll.dll+0x6e954]


---------------  P R O C E S S  ---------------

Java Threads: ( => current thread )

Other Threads:

=>0x00000000025a0800 (exited) JavaThread "Unknown thread" [_thread_in_vm, id=6004, stack(0x00000000024a0000,0x00000000025a0000)]

VM state:not at safepoint (not fully initialized)

VM Mutex/Monitor currently owned by a thread: None

GC Heap History (0 events):
No events

Deoptimization events (0 events):
No events

Internal exceptions (0 events):
No events

Events (10 events):
Event: 0.027 loading class java/lang/Object
Event: 0.029 loading class java/lang/Object done
Event: 0.029 loading class java/lang/String
Event: 0.030 loading class java/lang/CharSequence
Event: 0.030 loading class java/lang/CharSequence done
Event: 0.030 loading class java/lang/Comparable
Event: 0.030 loading class java/lang/Comparable done
Event: 0.031 loading class java/lang/String done
Event: 0.031 loading class java/lang/Class
Event: 0.032 loading class java/lang/Class done


Dynamic libraries:
0x00007ff6706f0000 - 0x00007ff670724000 	C:\Program Files\Java\jre1.8.0_31\bin\javaw.exe
0x00007ff9baed0000 - 0x00007ff9bb07c000 	C:\WINDOWS\SYSTEM32\ntdll.dll
0x00007ff9bac50000 - 0x00007ff9bad8e000 	C:\WINDOWS\system32\KERNEL32.DLL
0x00007ff9b8430000 - 0x00007ff9b8545000 	C:\WINDOWS\system32\KERNELBASE.dll
0x00007ff9b6b90000 - 0x00007ff9b6c1e000 	C:\WINDOWS\system32\apphelp.dll
0x00007ff9a4fd0000 - 0x00007ff9a5023000 	C:\WINDOWS\AppPatch\AppPatch64\AcGenral.DLL
0x00007ff9b8b20000 - 0x00007ff9b8bca000 	C:\WINDOWS\system32\msvcrt.dll
0x00007ff9b7dc0000 - 0x00007ff9b7dee000 	C:\WINDOWS\SYSTEM32\SspiCli.dll
0x00007ff9bae70000 - 0x00007ff9baec4000 	C:\WINDOWS\system32\SHLWAPI.dll
0x00007ff9b8550000 - 0x00007ff9b86c7000 	C:\WINDOWS\system32\USER32.dll
0x00007ff9b8e00000 - 0x00007ff9b8f94000 	C:\WINDOWS\system32\ole32.dll
0x00007ff9b92e0000 - 0x00007ff9ba7f8000 	C:\WINDOWS\system32\SHELL32.dll
0x00007ff9b7590000 - 0x00007ff9b75b1000 	C:\WINDOWS\SYSTEM32\USERENV.dll
0x00007ff9ba8c0000 - 0x00007ff9ba96a000 	C:\WINDOWS\system32\ADVAPI32.dll
0x00007ff9b05a0000 - 0x00007ff9b05be000 	C:\WINDOWS\SYSTEM32\MPR.dll
0x00007ff9b8960000 - 0x00007ff9b8aa1000 	C:\WINDOWS\system32\RPCRT4.dll
0x00007ff9b88f0000 - 0x00007ff9b8949000 	C:\WINDOWS\SYSTEM32\sechost.dll
0x00007ff9b86d0000 - 0x00007ff9b88e1000 	C:\WINDOWS\SYSTEM32\combase.dll
0x00007ff9b8ca0000 - 0x00007ff9b8df1000 	C:\WINDOWS\system32\GDI32.dll
0x00007ff9b8020000 - 0x00007ff9b8035000 	C:\WINDOWS\SYSTEM32\profapi.dll
0x00007ff9b6a80000 - 0x00007ff9b6b32000 	C:\WINDOWS\SYSTEM32\SHCORE.dll
0x00007ff9baa50000 - 0x00007ff9baa86000 	C:\WINDOWS\system32\IMM32.DLL
0x00007ff9b9180000 - 0x00007ff9b92d1000 	C:\WINDOWS\system32\MSCTF.dll
0x00007ff9b7fe0000 - 0x00007ff9b800f000 	C:\Windows\system32\nvinitx.dll
0x000000000f000000 - 0x000000000f006000 	C:\Program Files\NVIDIA Corporation\CoProcManager\detoured.dll
0x00007ff9b62f0000 - 0x00007ff9b634f000 	C:\Program Files\NVIDIA Corporation\CoProcManager\nvd3d9wrapx.dll
0x00007ff9b8fa0000 - 0x00007ff9b917a000 	C:\WINDOWS\system32\SETUPAPI.dll
0x00007ff9b80f0000 - 0x00007ff9b813f000 	C:\WINDOWS\system32\CFGMGR32.dll
0x00007ff9b6290000 - 0x00007ff9b62d6000 	C:\Program Files\NVIDIA Corporation\CoProcManager\nvdxgiwrapx.dll
0x00007ff9b6350000 - 0x00007ff9b65cb000 	C:\WINDOWS\WinSxS\amd64_microsoft.windows.common-controls_6595b64144ccf1df_6.0.9600.17415_none_6240486fecbd8abb\COMCTL32.dll
0x000000005d030000 - 0x000000005d102000 	C:\Program Files\Java\jre1.8.0_31\bin\msvcr100.dll
0x000000005c7d0000 - 0x000000005d02a000 	C:\Program Files\Java\jre1.8.0_31\bin\server\jvm.dll
0x00007ff9984f0000 - 0x00007ff9984f9000 	C:\WINDOWS\SYSTEM32\WSOCK32.dll
0x00007ff9b60c0000 - 0x00007ff9b60e2000 	C:\WINDOWS\SYSTEM32\WINMM.dll
0x00007ff9b8950000 - 0x00007ff9b8957000 	C:\WINDOWS\system32\PSAPI.DLL
0x00007ff9b8c40000 - 0x00007ff9b8c9a000 	C:\WINDOWS\system32\WS2_32.dll
0x00007ff9b6090000 - 0x00007ff9b60ba000 	C:\WINDOWS\SYSTEM32\WINMMBASE.dll
0x00007ff9b8b10000 - 0x00007ff9b8b19000 	C:\WINDOWS\system32\NSI.dll
0x00007ff9b6de0000 - 0x00007ff9b6e08000 	C:\WINDOWS\SYSTEM32\DEVOBJ.dll
0x000000005c7c0000 - 0x000000005c7cf000 	C:\Program Files\Java\jre1.8.0_31\bin\verify.dll
0x000000005c790000 - 0x000000005c7b8000 	C:\Program Files\Java\jre1.8.0_31\bin\java.dll
0x000000005c770000 - 0x000000005c786000 	C:\Program Files\Java\jre1.8.0_31\bin\zip.dll
0x00007ff9a38a0000 - 0x00007ff9a3a2a000 	C:\WINDOWS\SYSTEM32\dbghelp.dll

VM Arguments:
jvm_args: -Dfile.encoding=Cp1252 -Xbootclasspath:C:\Program Files (x86)\leJOS NXJ\lib\nxt\classes.jar 
java_command: Main
java_class_path (initial): C:\Users\Reinoldo\workspace\WaveFront\bin;C:\Program Files (x86)\leJOS NXJ\lib\nxt\classes.jar
Launcher Type: SUN_STANDARD

Environment Variables:
PATH=C:/Program Files (x86)/Java/jre1.8.0_40/bin/client;C:/Program Files (x86)/Java/jre1.8.0_40/bin;C:/Program Files (x86)/Java/jre1.8.0_40/lib/i386;C:\Program Files (x86)\CollabNet;C:\Program Files (x86)\Embarcadero\Studio\15.0\bin;C:\Users\Public\Documents\Embarcadero\Studio\15.0\Bpl;C:\Program Files (x86)\Embarcadero\Studio\15.0\bin64;C:\Users\Public\Documents\Embarcadero\Studio\15.0\Bpl\Win64;C:\ProgramData\Oracle\Java\javapath;C:\Program Files (x86)\NVIDIA Corporation\PhysX\Common;C:\Program Files (x86)\Intel\iCLS Client\;C:\Program Files\Intel\iCLS Client\;C:\WINDOWS\system32;C:\WINDOWS;C:\WINDOWS\System32\Wbem;C:\WINDOWS\System32\WindowsPowerShell\v1.0\;C:\Program Files (x86)\Windows Live\Shared;C:\Program Files\Intel\Intel(R) Management Engine Components\DAL;C:\Program Files\Intel\Intel(R) Management Engine Components\IPT;C:\Program Files (x86)\Intel\Intel(R) Management Engine Components\DAL;C:\Program Files (x86)\Intel\Intel(R) Management Engine Components\IPT;C:\Program Files (x86)\Intel\OpenCL SDK\2.0\bin\x86;C:\Program Files (x86)\Intel\OpenCL SDK\2.0\bin\x64;C:\Program Files (x86)\IVI Foundation\VISA\WinNT\Bin;C:\Program Files (x86)\leJOS NXJ\bin;C:\Program Files\TortoiseSVN\bin;C:\Developer Apps\eclipse32bits;
USERNAME=Reinoldo
OS=Windows_NT
PROCESSOR_IDENTIFIER=Intel64 Family 6 Model 58 Stepping 9, GenuineIntel



---------------  S Y S T E M  ---------------

OS: Windows 8.1 , 64 bit Build 9600 

CPU:total 4 (2 cores per cpu, 2 threads per core) family 6 model 58 stepping 9, cmov, cx8, fxsr, mmx, sse, sse2, sse3, ssse3, sse4.1, sse4.2, popcnt, avx, aes, clmul, erms, ht, tsc, tscinvbit, tscinv

Memory: 4k page, physical 6174308k(3351152k free), swap 7157348k(3579988k free)

vm_info: Java HotSpot(TM) 64-Bit Server VM (25.31-b07) for windows-amd64 JRE (1.8.0_31-b13), built on Dec 17 2014 21:00:28 by "java_re" with MS VC++ 10.0 (VS2010)

time: Mon Apr 06 21:07:13 2015
elapsed time: 0 seconds (0d 0h 0m 0s)

